2023-12-18 13:39:25,773 [INFO] Activator:176 - 


2023-12-18 13:39:25,779 [INFO] Activator:177 - !SESSION log4j initialized
2023-12-18 13:39:31,759 [ERROR] LogOutputStream:75 - [STDERR_REDIRECT] SLF4J: Failed to load class "org.slf4j.impl.StaticLoggerBinder".
2023-12-18 13:39:31,761 [ERROR] LogOutputStream:75 - [STDERR_REDIRECT] SLF4J: Defaulting to no-operation (NOP) logger implementation
2023-12-18 13:39:31,765 [ERROR] LogOutputStream:75 - [STDERR_REDIRECT] SLF4J: See http://www.slf4j.org/codes.html#StaticLoggerBinder for further details.
2023-12-18 13:39:32,973 [ERROR] LogOutputStream:75 - [STDERR_REDIRECT] ???. 18, 2023 1:39:32 PM org.glassfish.grizzly.http.server.NetworkListener start
2023-12-18 13:39:32,976 [ERROR] LogOutputStream:75 - [STDERR_REDIRECT] INFO: Started listener bound to [localhost:1595]
2023-12-18 13:39:32,977 [ERROR] LogOutputStream:75 - [STDERR_REDIRECT] 
2023-12-18 13:39:32,980 [ERROR] LogOutputStream:75 - [STDERR_REDIRECT] ???. 18, 2023 1:39:32 PM org.glassfish.grizzly.http.server.HttpServer start
2023-12-18 13:39:32,981 [ERROR] LogOutputStream:75 - [STDERR_REDIRECT] INFO: [HttpServer] Started.
2023-12-18 13:39:32,982 [ERROR] LogOutputStream:75 - [STDERR_REDIRECT] 
2023-12-18 13:39:33,755 [INFO] LogOutputStream:77 - [STDOUT_REDIRECT] 
2023-12-18 13:39:35,144 [INFO] ApplicationProperties:184 - Using Application install path: C:\ST\STM32CubeIDE_1.5.1\STM32CubeIDE\plugins\com.st.stm32cube.common.mx_6.10.0.202311202037
2023-12-18 13:39:35,166 [INFO] DbMcusXml:78 - Set database path to: C:\ST\STM32CubeIDE_1.5.1\STM32CubeIDE\plugins\com.st.stm32cube.common.mx_6.10.0.202311202037\\db\/mcu/
2023-12-18 13:39:35,166 [INFO] ApiDb:274 - Set plugin database path to: C:\ST\STM32CubeIDE_1.5.1\STM32CubeIDE\plugins\com.st.stm32cube.common.mx_6.10.0.202311202037\\db\/plugins/boardmanager/
2023-12-18 13:39:35,166 [WARN] ApiDb:259 - Overriding images path with different value:  => C:\ST\STM32CubeIDE_1.5.1\STM32CubeIDE\plugins\com.st.stm32cube.common.mx_6.10.0.202311202037\\db\/plugins/mcufinder/images/
2023-12-18 13:39:35,181 [INFO] ApiDb:250 - Set database path to: C:\Users\Ierixon-HP\.stmcufinder\plugins\mcufinder//mcu/
2023-12-18 13:39:35,183 [INFO] DbMcusAds:125 - Set database path to: C:\Users\Ierixon-HP\.stmcufinder\plugins\mcufinder//mcu/
2023-12-18 13:39:35,188 [INFO] CrossReferenceDbSqlite:203 - Set database path to: C:\Users\Ierixon-HP\.stmcufinder\plugins\mcufinder//mcu/cs/
2023-12-18 13:39:35,332 [INFO] RulesReader:64 - Compatibility file has been processed (297 Rules)
2023-12-18 13:39:35,414 [INFO] DbMcusXml:78 - Set database path to: C:\ST\STM32CubeIDE_1.5.1\STM32CubeIDE\plugins\com.st.stm32cube.common.mx_6.10.0.202311202037\\db\/mcu/
2023-12-18 13:39:35,414 [INFO] ApiDb:274 - Set plugin database path to: C:\ST\STM32CubeIDE_1.5.1\STM32CubeIDE\plugins\com.st.stm32cube.common.mx_6.10.0.202311202037\\db\/plugins/boardmanager/
2023-12-18 13:39:35,414 [INFO] ApiDb:261 - Set plugin images path to: C:\ST\STM32CubeIDE_1.5.1\STM32CubeIDE\plugins\com.st.stm32cube.common.mx_6.10.0.202311202037\\db\/plugins/mcufinder/images/
2023-12-18 13:39:35,414 [WARN] DbFile:41 - Overriding database path with different value: C:\Users\Ierixon-HP\.stmcufinder\plugins\mcufinder/ => C:\Users\Ierixon-HP\.stmcufinder\plugins\mcufinder
2023-12-18 13:39:35,415 [INFO] ApiDb:250 - Set database path to: C:\Users\Ierixon-HP\.stmcufinder\plugins\mcufinder//mcu/
2023-12-18 13:39:35,415 [WARN] DbFile:41 - Overriding database path with different value: C:\Users\Ierixon-HP\.stmcufinder\plugins\mcufinder/ => C:\Users\Ierixon-HP\.stmcufinder\plugins\mcufinder
2023-12-18 13:39:35,415 [INFO] DbMcusAds:125 - Set database path to: C:\Users\Ierixon-HP\.stmcufinder\plugins\mcufinder//mcu/
2023-12-18 13:39:35,415 [WARN] DbFile:41 - Overriding database path with different value: C:\Users\Ierixon-HP\.stmcufinder\plugins\mcufinder/ => C:\Users\Ierixon-HP\.stmcufinder\plugins\mcufinder
2023-12-18 13:39:35,415 [WARN] DbFile:41 - Overriding database path with different value: C:\Users\Ierixon-HP\.stmcufinder\plugins\mcufinder/ => C:\Users\Ierixon-HP\.stmcufinder\plugins\mcufinder
2023-12-18 13:39:35,415 [INFO] CrossReferenceDbSqlite:203 - Set database path to: C:\Users\Ierixon-HP\.stmcufinder\plugins\mcufinder//mcu/cs/
2023-12-18 13:39:35,510 [INFO] MainPanel:264 - HeapMemory: 591396864
2023-12-18 13:39:35,618 [INFO] DbMcusXml:78 - Set database path to: C:\ST\STM32CubeIDE_1.5.1\STM32CubeIDE\plugins\com.st.stm32cube.common.mx_6.10.0.202311202037\\db\/mcu/
2023-12-18 13:39:35,618 [INFO] ApiDb:274 - Set plugin database path to: C:\ST\STM32CubeIDE_1.5.1\STM32CubeIDE\plugins\com.st.stm32cube.common.mx_6.10.0.202311202037\\db\/plugins/boardmanager/
2023-12-18 13:39:35,618 [INFO] ApiDb:261 - Set plugin images path to: C:\ST\STM32CubeIDE_1.5.1\STM32CubeIDE\plugins\com.st.stm32cube.common.mx_6.10.0.202311202037\\db\/plugins/mcufinder/images/
2023-12-18 13:39:35,618 [WARN] DbFile:41 - Overriding database path with different value: C:\Users\Ierixon-HP\.stmcufinder\plugins\mcufinder/ => C:\Users\Ierixon-HP\.stmcufinder\plugins\mcufinder
2023-12-18 13:39:35,619 [INFO] ApiDb:250 - Set database path to: C:\Users\Ierixon-HP\.stmcufinder\plugins\mcufinder//mcu/
2023-12-18 13:39:35,619 [WARN] DbFile:41 - Overriding database path with different value: C:\Users\Ierixon-HP\.stmcufinder\plugins\mcufinder/ => C:\Users\Ierixon-HP\.stmcufinder\plugins\mcufinder
2023-12-18 13:39:35,619 [INFO] DbMcusAds:125 - Set database path to: C:\Users\Ierixon-HP\.stmcufinder\plugins\mcufinder//mcu/
2023-12-18 13:39:35,619 [WARN] DbFile:41 - Overriding database path with different value: C:\Users\Ierixon-HP\.stmcufinder\plugins\mcufinder/ => C:\Users\Ierixon-HP\.stmcufinder\plugins\mcufinder
2023-12-18 13:39:35,619 [WARN] DbFile:41 - Overriding database path with different value: C:\Users\Ierixon-HP\.stmcufinder\plugins\mcufinder/ => C:\Users\Ierixon-HP\.stmcufinder\plugins\mcufinder
2023-12-18 13:39:35,619 [INFO] CrossReferenceDbSqlite:203 - Set database path to: C:\Users\Ierixon-HP\.stmcufinder\plugins\mcufinder//mcu/cs/
2023-12-18 13:39:35,639 [INFO] ApplicationProperties:184 - Using Application install path: C:\ST\STM32CubeIDE_1.5.1\STM32CubeIDE\plugins\com.st.stm32cube.common.mx_6.10.0.202311202037
2023-12-18 13:39:35,641 [INFO] PluginManage:196 - Search for loadable plugins [exclusion list=, ]
2023-12-18 13:39:35,643 [INFO] PluginManage:310 - Check plugin analytics
2023-12-18 13:39:35,875 [INFO] AnalyticsPlugin:253 - Accepted Software Licenses: STM32CubeMX.6.1.2,STM32CubeMX.6.3.0,STM32CubeMX.5.6.1,STM32CubeMX.6.4.0,STM32CubeMX.6.6.1,STM32CubeMX.6.7.0,STM32CubeMX.6.8.0,STM32CubeMX.5.4.0,STM32CubeMX.6.5.0,STM32CubeMX.5.5.0,STM32CubeMX.6.9.1
2023-12-18 13:39:35,875 [INFO] AnalyticsPlugin:255 - Accepted CMSIS Pack Licenses: 
2023-12-18 13:39:35,875 [INFO] AnalyticsPlugin:257 - Accepted Firmware Licenses: FW.G0.1.6.0,FW.MP1.1.6.0
2023-12-18 13:39:35,879 [INFO] PluginManage:359 - Loaded plugin analytics (category:tool,tabindex:-1)
2023-12-18 13:39:35,879 [INFO] PluginManage:310 - Check plugin cadmodel
2023-12-18 13:39:35,886 [INFO] CADModel:105 - Init CAD model plugin
2023-12-18 13:39:35,887 [INFO] PluginManage:359 - Loaded plugin cadmodel (category:power,tabindex:5)
2023-12-18 13:39:35,887 [INFO] PluginManage:310 - Check plugin clock
2023-12-18 13:39:35,902 [INFO] PluginManage:359 - Loaded plugin clock (category:base,tabindex:2)
2023-12-18 13:39:35,903 [INFO] PluginManage:310 - Check plugin ddr
2023-12-18 13:39:35,906 [INFO] PluginManage:359 - Loaded plugin ddr (category:tool,tabindex:6)
2023-12-18 13:39:35,906 [INFO] PluginManage:310 - Check plugin filemanager
2023-12-18 13:39:36,071 [INFO] PluginManage:359 - Loaded plugin filemanager (category:base,tabindex:10)
2023-12-18 13:39:36,071 [INFO] PluginManage:310 - Check plugin ipmanager
2023-12-18 13:39:36,080 [INFO] PluginManage:359 - Loaded plugin ipmanager (category:base,tabindex:5)
2023-12-18 13:39:36,081 [INFO] PluginManage:310 - Check plugin lpbam
2023-12-18 13:39:36,094 [INFO] PluginManage:359 - Loaded plugin lpbam (category:base,tabindex:0)
2023-12-18 13:39:36,094 [INFO] PluginManage:310 - Check plugin memorymap
2023-12-18 13:39:36,115 [INFO] PluginManage:359 - Loaded plugin memorymap (category:base,tabindex:4)
2023-12-18 13:39:36,115 [INFO] PluginManage:310 - Check plugin pinoutandconfiguration
2023-12-18 13:39:36,127 [INFO] PluginManage:359 - Loaded plugin pinoutandconfiguration (category:base,tabindex:1)
2023-12-18 13:39:36,127 [INFO] PluginManage:310 - Check plugin pinoutconfig
2023-12-18 13:39:36,232 [WARN] SupportedApi:132 - Cannot load RTOS API schema: s4s-elt-must-match.1: The content of 'definitions' must match (annotation?, (simpleType | complexType)?, (unique | key | keyref)*)). A problem was found starting at: attribute.
2023-12-18 13:39:36,416 [INFO] PluginManage:359 - Loaded plugin pinoutconfig (category:base,tabindex:0)
2023-12-18 13:39:36,416 [INFO] PluginManage:310 - Check plugin power
2023-12-18 13:39:36,430 [INFO] PluginManage:359 - Loaded plugin power (category:power,tabindex:4)
2023-12-18 13:39:36,430 [INFO] PluginManage:310 - Check plugin projectmanager
2023-12-18 13:39:36,452 [INFO] PluginManage:359 - Loaded plugin projectmanager (category:projectmanager,tabindex:3)
2023-12-18 13:39:36,452 [INFO] PluginManage:310 - Check plugin thirdparty
2023-12-18 13:39:36,636 [INFO] PluginManage:359 - Loaded plugin thirdparty (category:base,tabindex:-1)
2023-12-18 13:39:36,636 [INFO] PluginManage:310 - Check plugin tools
2023-12-18 13:39:36,636 [WARN] IntegrityCheckThread:84 - waiting for thirdparty lock release [integrity check]
2023-12-18 13:39:36,637 [INFO] IntegrityCheckThread:86 - entering critical section [integrity check]
2023-12-18 13:39:36,637 [INFO] ThirdPartyUpdaterWithRetryManager:70 - Updater plugin not ready yet. [1/15]
2023-12-18 13:39:36,641 [INFO] PluginManage:359 - Loaded plugin tools (category:base,tabindex:7)
2023-12-18 13:39:36,641 [INFO] PluginManage:310 - Check plugin tutovideos
2023-12-18 13:39:36,896 [INFO] PluginManage:359 - Loaded plugin tutovideos (category:base,tabindex:-1)
2023-12-18 13:39:36,896 [INFO] PluginManage:310 - Check plugin updater
2023-12-18 13:39:36,909 [INFO] PluginManage:359 - Loaded plugin updater (category:base,tabindex:12)
2023-12-18 13:39:36,909 [INFO] PluginManage:310 - Check plugin userauth
2023-12-18 13:39:36,915 [INFO] UserAuth:114 - Init User Auth plugin
2023-12-18 13:39:36,915 [INFO] PluginManage:359 - Loaded plugin userauth (category:base,tabindex:14)
2023-12-18 13:39:36,916 [INFO] PluginManage:283 - PluginManage : Loaded plugins [17]
2023-12-18 13:39:37,161 [INFO] PinOutPanel:1499 - setPackage(No Configuration,No Configuration)
2023-12-18 13:39:37,244 [INFO] CADModel:165 - CPN selected for project level
2023-12-18 13:39:37,244 [INFO] CADModel:114 - Register for checkConnection events
2023-12-18 13:39:37,264 [INFO] IPUIPlugin:80 - create IPUIPlugin
2023-12-18 13:39:37,264 [INFO] PluginManager:220 - loadIPPluginJar : add adc
2023-12-18 13:39:37,267 [INFO] IPUIPlugin:80 - create IPUIPlugin
2023-12-18 13:39:37,267 [INFO] PluginManager:220 - loadIPPluginJar : add aes
2023-12-18 13:39:37,271 [INFO] IPUIPlugin:80 - create IPUIPlugin
2023-12-18 13:39:37,271 [INFO] PluginManager:220 - loadIPPluginJar : add can
2023-12-18 13:39:37,273 [INFO] IPUIPlugin:80 - create IPUIPlugin
2023-12-18 13:39:37,273 [INFO] PluginManager:220 - loadIPPluginJar : add comp
2023-12-18 13:39:37,276 [INFO] IPUIPlugin:80 - create IPUIPlugin
2023-12-18 13:39:37,276 [INFO] PluginManager:220 - loadIPPluginJar : add cryp
2023-12-18 13:39:37,279 [INFO] IPUIPlugin:80 - create IPUIPlugin
2023-12-18 13:39:37,279 [INFO] PluginManager:220 - loadIPPluginJar : add dfsdm
2023-12-18 13:39:37,285 [INFO] IPUIPlugin:80 - create IPUIPlugin
2023-12-18 13:39:37,286 [INFO] PluginManager:220 - loadIPPluginJar : add dma
2023-12-18 13:39:37,288 [INFO] IPUIPlugin:80 - create IPUIPlugin
2023-12-18 13:39:37,289 [INFO] PluginManager:220 - loadIPPluginJar : add dma3
2023-12-18 13:39:37,290 [INFO] IPUIPlugin:80 - create IPUIPlugin
2023-12-18 13:39:37,290 [INFO] PluginManager:220 - loadIPPluginJar : add fatfs
2023-12-18 13:39:37,295 [INFO] IPUIPlugin:80 - create IPUIPlugin
2023-12-18 13:39:37,295 [INFO] PluginManager:220 - loadIPPluginJar : add fmc
2023-12-18 13:39:37,302 [INFO] IPUIPlugin:80 - create IPUIPlugin
2023-12-18 13:39:37,302 [INFO] PluginManager:220 - loadIPPluginJar : add freertos
2023-12-18 13:39:37,304 [INFO] IPUIPlugin:80 - create IPUIPlugin
2023-12-18 13:39:37,304 [INFO] PluginManager:220 - loadIPPluginJar : add genericplugin
2023-12-18 13:39:37,307 [INFO] IPUIPlugin:80 - create IPUIPlugin
2023-12-18 13:39:37,307 [INFO] PluginManager:220 - loadIPPluginJar : add gfxmmu
2023-12-18 13:39:37,312 [INFO] IPUIPlugin:80 - create IPUIPlugin
2023-12-18 13:39:37,312 [INFO] PluginManager:220 - loadIPPluginJar : add gic
2023-12-18 13:39:37,317 [INFO] IPUIPlugin:80 - create IPUIPlugin
2023-12-18 13:39:37,317 [INFO] PluginManager:220 - loadIPPluginJar : add gpio
2023-12-18 13:39:37,320 [INFO] IPUIPlugin:80 - create IPUIPlugin
2023-12-18 13:39:37,320 [INFO] PluginManager:220 - loadIPPluginJar : add gtzc
2023-12-18 13:39:37,323 [INFO] IPUIPlugin:80 - create IPUIPlugin
2023-12-18 13:39:37,323 [INFO] PluginManager:220 - loadIPPluginJar : add hash
2023-12-18 13:39:37,326 [INFO] IPUIPlugin:80 - create IPUIPlugin
2023-12-18 13:39:37,326 [INFO] PluginManager:220 - loadIPPluginJar : add i2c
2023-12-18 13:39:37,329 [INFO] IPUIPlugin:80 - create IPUIPlugin
2023-12-18 13:39:37,330 [INFO] PluginManager:220 - loadIPPluginJar : add i2s
2023-12-18 13:39:37,333 [INFO] IPUIPlugin:80 - create IPUIPlugin
2023-12-18 13:39:37,333 [INFO] PluginManager:220 - loadIPPluginJar : add i3c
2023-12-18 13:39:37,336 [INFO] IPUIPlugin:80 - create IPUIPlugin
2023-12-18 13:39:37,336 [INFO] PluginManager:220 - loadIPPluginJar : add ipddr
2023-12-18 13:39:37,344 [INFO] IPUIPlugin:80 - create IPUIPlugin
2023-12-18 13:39:37,344 [INFO] PluginManager:220 - loadIPPluginJar : add linkedlist
2023-12-18 13:39:37,347 [INFO] IPUIPlugin:80 - create IPUIPlugin
2023-12-18 13:39:37,347 [INFO] PluginManager:220 - loadIPPluginJar : add lorawan
2023-12-18 13:39:37,350 [INFO] IPUIPlugin:80 - create IPUIPlugin
2023-12-18 13:39:37,350 [INFO] PluginManager:220 - loadIPPluginJar : add ltdc
2023-12-18 13:39:37,356 [INFO] IPUIPlugin:80 - create IPUIPlugin
2023-12-18 13:39:37,356 [INFO] PluginManager:220 - loadIPPluginJar : add mdma
2023-12-18 13:39:37,361 [INFO] IPUIPlugin:80 - create IPUIPlugin
2023-12-18 13:39:37,361 [INFO] PluginManager:220 - loadIPPluginJar : add nvic
2023-12-18 13:39:37,364 [INFO] IPUIPlugin:80 - create IPUIPlugin
2023-12-18 13:39:37,364 [INFO] PluginManager:220 - loadIPPluginJar : add opamp
2023-12-18 13:39:37,368 [INFO] IPUIPlugin:80 - create IPUIPlugin
2023-12-18 13:39:37,368 [INFO] PluginManager:220 - loadIPPluginJar : add openamp
2023-12-18 13:39:37,371 [INFO] IPUIPlugin:80 - create IPUIPlugin
2023-12-18 13:39:37,372 [INFO] PluginManager:220 - loadIPPluginJar : add pdm2pcm
2023-12-18 13:39:37,378 [INFO] IPUIPlugin:80 - create IPUIPlugin
2023-12-18 13:39:37,380 [INFO] PluginManager:220 - loadIPPluginJar : add plateformsettings
2023-12-18 13:39:37,382 [INFO] IPUIPlugin:80 - create IPUIPlugin
2023-12-18 13:39:37,382 [INFO] PluginManager:220 - loadIPPluginJar : add quadspi
2023-12-18 13:39:37,386 [INFO] IPUIPlugin:80 - create IPUIPlugin
2023-12-18 13:39:37,387 [INFO] PluginManager:220 - loadIPPluginJar : add resmgrutility
2023-12-18 13:39:37,390 [INFO] IPUIPlugin:80 - create IPUIPlugin
2023-12-18 13:39:37,390 [INFO] PluginManager:220 - loadIPPluginJar : add sai
2023-12-18 13:39:37,393 [INFO] IPUIPlugin:80 - create IPUIPlugin
2023-12-18 13:39:37,393 [INFO] PluginManager:220 - loadIPPluginJar : add spi
2023-12-18 13:39:37,398 [INFO] IPUIPlugin:80 - create IPUIPlugin
2023-12-18 13:39:37,398 [INFO] PluginManager:220 - loadIPPluginJar : add stm32_wpan
2023-12-18 13:39:37,401 [INFO] IPUIPlugin:80 - create IPUIPlugin
2023-12-18 13:39:37,401 [INFO] PluginManager:220 - loadIPPluginJar : add tim
2023-12-18 13:39:37,404 [INFO] IPUIPlugin:80 - create IPUIPlugin
2023-12-18 13:39:37,404 [INFO] PluginManager:220 - loadIPPluginJar : add touchsensing
2023-12-18 13:39:37,407 [INFO] IPUIPlugin:80 - create IPUIPlugin
2023-12-18 13:39:37,407 [INFO] PluginManager:220 - loadIPPluginJar : add tracer_emb
2023-12-18 13:39:37,409 [INFO] IPUIPlugin:80 - create IPUIPlugin
2023-12-18 13:39:37,409 [INFO] PluginManager:220 - loadIPPluginJar : add ts
2023-12-18 13:39:37,411 [INFO] IPUIPlugin:80 - create IPUIPlugin
2023-12-18 13:39:37,411 [INFO] PluginManager:220 - loadIPPluginJar : add tsc
2023-12-18 13:39:37,413 [INFO] IPUIPlugin:80 - create IPUIPlugin
2023-12-18 13:39:37,413 [INFO] PluginManager:220 - loadIPPluginJar : add ucpd
2023-12-18 13:39:37,417 [INFO] IPUIPlugin:80 - create IPUIPlugin
2023-12-18 13:39:37,417 [INFO] PluginManager:220 - loadIPPluginJar : add usart
2023-12-18 13:39:37,421 [INFO] IPUIPlugin:80 - create IPUIPlugin
2023-12-18 13:39:37,421 [INFO] PluginManager:220 - loadIPPluginJar : add usbx
2023-12-18 13:39:37,550 [INFO] CADModel:165 - CPN selected for project level
2023-12-18 13:39:37,550 [INFO] CADModel:114 - Register for checkConnection events
2023-12-18 13:39:37,550 [FATAL] Updater:308 - Updater called before beeing initialized
2023-12-18 13:39:37,550 [ERROR] CADModel:125 - Updater not yet initialized, retry later 
2023-12-18 13:39:37,709 [INFO] CADModel:165 - CPN selected for project level
2023-12-18 13:39:37,709 [INFO] CADModel:114 - Register for checkConnection events
2023-12-18 13:39:37,709 [FATAL] Updater:308 - Updater called before beeing initialized
2023-12-18 13:39:37,709 [ERROR] CADModel:125 - Updater not yet initialized, retry later 
2023-12-18 13:39:37,713 [FATAL] Updater:308 - Updater called before beeing initialized
2023-12-18 13:39:37,838 [FATAL] Updater:308 - Updater called before beeing initialized
2023-12-18 13:39:37,854 [INFO] DbMcusAds:53 - JSON generation date=Wed Nov 29 17:52:27 ICT 2023 (1701255147349)
2023-12-18 13:39:37,854 [FATAL] Updater:308 - Updater called before beeing initialized
2023-12-18 13:39:37,903 [WARN] DetailPanel:346 - Failed to get advertising image, set to default
2023-12-18 13:39:37,996 [FATAL] Updater:308 - Updater called before beeing initialized
2023-12-18 13:39:37,998 [FATAL] Updater:308 - Updater called before beeing initialized
2023-12-18 13:39:37,999 [FATAL] Updater:308 - Updater called before beeing initialized
2023-12-18 13:39:37,999 [WARN] DetailPanel:346 - Failed to get advertising image, set to default
2023-12-18 13:39:37,999 [FATAL] Updater:308 - Updater called before beeing initialized
2023-12-18 13:39:38,060 [ERROR] Updater:1120 - MainUpdater not yet initialized. External WinMGr cannot be set.
2023-12-18 13:39:38,063 [INFO] Updater:1056 - Updater Version found : 6.10.0
2023-12-18 13:39:38,087 [INFO] ApplicationProperties:184 - Using Application install path: C:\ST\STM32CubeIDE_1.5.1\STM32CubeIDE\plugins\com.st.stm32cube.common.mx_6.10.0.202311202037
2023-12-18 13:39:39,640 [INFO] ThirdPartyUpdaterWithRetryManager:70 - Updater plugin not ready yet. [2/15]
2023-12-18 13:39:39,824 [INFO] MainUpdater:2873 - connection check result : 10
2023-12-18 13:39:39,825 [INFO] MainUpdater:290 - Updater Check For Update Now.
2023-12-18 13:39:39,825 [INFO] MicroXplorer:498 - Change Database Version : DB.6.0.100
2023-12-18 13:39:39,835 [INFO] McuFinderGlobals:63 - Set McuFinder mode to 2 (CubeIDE integrated)
2023-12-18 13:39:39,854 [INFO] UserAuth:404 - Internet connection configuration mode: 1
2023-12-18 13:39:39,895 [INFO] JxBrowserEngine:152 - Initiate JxBrowser Engine with user profile folder
2023-12-18 13:39:40,053 [INFO] CheckServerUpdateThread:120 - End of CheckServer Thread
2023-12-18 13:39:43,123 [WARN] PackLoader:240 - Cannot read IP mode file for STMicroelectronics.X-CUBE-SMBUS.2.1.0
2023-12-18 13:39:43,153 [WARN] PackLoader:240 - Cannot read IP mode file for STMicroelectronics.X-CUBE-TOUCHGFX.4.23.0
2023-12-18 13:39:43,314 [WARN] PackLoader:240 - Cannot read IP mode file for STMicroelectronics.X-CUBE-MEMS1.9.2.0
2023-12-18 13:39:43,419 [INFO] WebApp:161 - Instantiating new browser for Auth
2023-12-18 13:39:43,612 [WARN] PackLoader:240 - Cannot read IP mode file for STMicroelectronics.X-CUBE-AZRTOS-F7.1.1.0
2023-12-18 13:39:43,644 [WARN] PackLoader:240 - Cannot read IP mode file for STMicroelectronics.X-CUBE-AI.7.1.0
2023-12-18 13:39:43,666 [WARN] PackLoader:240 - Cannot read IP mode file for STMicroelectronics.X-CUBE-TOUCHGFX.4.19.1
2023-12-18 13:39:43,689 [ERROR] RealEvaluatedCondition:428 - Found unsupported composite condition: CLASS='Data Exchange' GROUP='STM32_MetaDataManager'
2023-12-18 13:39:43,689 [ERROR] RealEvaluatedCondition:428 - Found unsupported composite condition: CLASS='Data Exchange' GROUP='STM32_MetaDataManager'
2023-12-18 13:39:43,691 [WARN] PackLoader:240 - Cannot read IP mode file for STMicroelectronics.FP-SNS-MOTENV1.4.3.0
2023-12-18 13:39:43,717 [WARN] PackLoader:240 - Cannot read IP mode file for STMicroelectronics.FP-SNS-MOTENV1.4.3.2
2023-12-18 13:39:43,739 [WARN] PackLoader:240 - Cannot read IP mode file for STMicroelectronics.FP-SNS-FLIGHT1.5.0.0
2023-12-18 13:39:43,756 [ERROR] RealEvaluatedCondition:428 - Found unsupported composite condition: GROUP='STM32_MetaDataManager' CLASS='Data Exchange'
2023-12-18 13:39:43,756 [ERROR] RealEvaluatedCondition:428 - Found unsupported composite condition: GROUP='STM32_MetaDataManager' CLASS='Data Exchange'
2023-12-18 13:39:43,757 [WARN] PackLoader:240 - Cannot read IP mode file for STMicroelectronics.FP-SNS-MOTENV1.4.3.1
2023-12-18 13:39:43,774 [WARN] PackLoader:240 - Cannot read IP mode file for STMicroelectronics.FP-SNS-FLIGHT1.5.0.1
2023-12-18 13:39:43,791 [WARN] PackLoader:240 - Cannot read IP mode file for STMicroelectronics.X-CUBE-BLE1.6.2.3
2023-12-18 13:39:43,807 [WARN] PackLoader:240 - Cannot read IP mode file for STMicroelectronics.X-CUBE-BLE1.6.2.4
2023-12-18 13:39:43,822 [WARN] PackLoader:240 - Cannot read IP mode file for STMicroelectronics.X-CUBE-BLE1.6.2.2
2023-12-18 13:39:43,835 [WARN] PackLoader:240 - Cannot read IP mode file for STMicroelectronics.FP-SNS-FLIGHT1.5.0.2
2023-12-18 13:39:43,849 [WARN] PackLoader:240 - Cannot read IP mode file for STMicroelectronics.X-CUBE-BLE2.3.2.2
2023-12-18 13:39:43,898 [WARN] PackLoader:240 - Cannot read IP mode file for STMicroelectronics.X-CUBE-TOF1.3.1.0
2023-12-18 13:39:43,931 [WARN] PackLoader:240 - Cannot read IP mode file for STMicroelectronics.X-CUBE-DISPLAY.3.0.0
2023-12-18 13:39:43,955 [WARN] PackLoader:240 - Cannot read IP mode file for STMicroelectronics.X-CUBE-TOUCHGFX.4.22.0
2023-12-18 13:39:43,972 [WARN] PackLoader:240 - Cannot read IP mode file for STMicroelectronics.X-CUBE-TOUCHGFX.4.22.1
2023-12-18 13:39:44,088 [WARN] PackLoader:240 - Cannot read IP mode file for STMicroelectronics.X-CUBE-MEMS1.9.3.0
2023-12-18 13:39:44,237 [WARN] PackLoader:240 - Cannot read IP mode file for STMicroelectronics.X-CUBE-AI.7.2.0
2023-12-18 13:39:44,258 [WARN] PackLoader:240 - Cannot read IP mode file for STMicroelectronics.FP-SNS-SMARTAG2.1.2.0
2023-12-18 13:39:44,290 [INFO] LogOutputStream:77 - [STDOUT_REDIRECT] 1 : Invalid condition id : UX_CORESTACK_Condition cause : null
2023-12-18 13:39:44,290 [INFO] LogOutputStream:77 - [STDOUT_REDIRECT] 1 : Invalid condition id : UX_CORESTACK_Condition cause : null
2023-12-18 13:39:44,293 [INFO] LogOutputStream:77 - [STDOUT_REDIRECT] 1 : Invalid condition id : UX_CORESTACK_Condition cause : null
2023-12-18 13:39:44,295 [INFO] LogOutputStream:77 - [STDOUT_REDIRECT] 1 : Invalid condition id : UX_CORESTACK_Condition cause : null
2023-12-18 13:39:44,298 [INFO] LogOutputStream:77 - [STDOUT_REDIRECT] 1 : Invalid condition id : UX_CORESTACK_Condition cause : null
2023-12-18 13:39:44,302 [WARN] PackLoader:240 - Cannot read IP mode file for STMicroelectronics.X-CUBE-AZRTOS-WL.2.0.0
2023-12-18 13:39:44,329 [WARN] PackLoader:240 - Cannot read IP mode file for STMicroelectronics.X-CUBE-ALGOBUILD.1.2.1
2023-12-18 13:39:44,355 [WARN] PackLoader:240 - Cannot read IP mode file for WES.I-CUBE-Cesium.1.3.0
2023-12-18 13:39:44,374 [WARN] PackLoader:240 - Cannot read IP mode file for STMicroelectronics.X-CUBE-BLE2.3.3.0
2023-12-18 13:39:44,395 [WARN] PackLoader:240 - Cannot read IP mode file for STMicroelectronics.X-CUBE-DISPLAY.2.2.0
2023-12-18 13:39:44,425 [WARN] PackLoader:240 - Cannot read IP mode file for STMicroelectronics.X-CUBE-TOF1.3.2.0
2023-12-18 13:39:44,445 [WARN] PackLoader:240 - Cannot read IP mode file for STMicroelectronics.X-CUBE-TOUCHGFX.4.18.1
2023-12-18 13:39:44,458 [WARN] PackLoader:240 - Cannot read IP mode file for STMicroelectronics.X-CUBE-TOUCHGFX.4.18.0
2023-12-18 13:39:44,471 [WARN] PackLoader:240 - Cannot read IP mode file for STMicroelectronics.X-CUBE-ISPU.1.0.0
2023-12-18 13:39:44,504 [WARN] PackLoader:240 - Cannot read IP mode file for STMicroelectronics.X-CUBE-AZRTOS-H7.2.1.0
2023-12-18 13:39:44,521 [WARN] PackLoader:240 - Cannot read IP mode file for STMicroelectronics.X-CUBE-TOUCHGFX.4.21.1
2023-12-18 13:39:44,534 [WARN] PackLoader:240 - Cannot read IP mode file for STMicroelectronics.X-CUBE-TOUCHGFX.4.21.0
2023-12-18 13:39:44,547 [WARN] PackLoader:240 - Cannot read IP mode file for STMicroelectronics.X-CUBE-TOUCHGFX.4.21.3
2023-12-18 13:39:44,560 [WARN] PackLoader:240 - Cannot read IP mode file for STMicroelectronics.X-CUBE-TOUCHGFX.4.21.4
2023-12-18 13:39:44,621 [WARN] PackLoader:240 - Cannot read IP mode file for STMicroelectronics.X-CUBE-MEMS1.9.4.0
2023-12-18 13:39:44,666 [INFO] WebApp:780 - Register for checkConnection events
2023-12-18 13:39:44,667 [INFO] WebApp:414 - Apply proxy settings
2023-12-18 13:39:44,667 [INFO] WebApp:499 - Chromium requires no authentication
2023-12-18 13:39:44,680 [INFO] WebApp:442 - Direct internet connection detected
2023-12-18 13:39:44,735 [WARN] PackLoader:240 - Cannot read IP mode file for STMicroelectronics.X-CUBE-AI.7.3.0
2023-12-18 13:39:44,748 [WARN] PackLoader:240 - Cannot read IP mode file for STMicroelectronics.X-CUBE-ALGOBUILD.1.3.0
2023-12-18 13:39:44,782 [WARN] PackLoader:240 - Cannot read IP mode file for STMicroelectronics.X-CUBE-AZRTOS-G0.1.1.0
2023-12-18 13:39:44,798 [WARN] PackLoader:240 - Cannot read IP mode file for STMicroelectronics.X-CUBE-NFC4.3.0.0
2023-12-18 13:39:44,813 [WARN] PackLoader:240 - Cannot read IP mode file for STMicroelectronics.X-CUBE-DISPLAY.2.1.0
2023-12-18 13:39:44,833 [WARN] PackLoader:240 - Cannot read IP mode file for STMicroelectronics.X-CUBE-BLEMGR.3.0.0
2023-12-18 13:39:44,850 [WARN] PackLoader:240 - Cannot read IP mode file for STMicroelectronics.X-CUBE-BLEMGR.1.3.0
2023-12-18 13:39:44,867 [WARN] PackLoader:240 - Cannot read IP mode file for STMicroelectronics.FP-ATR-SIGFOX1.3.2.0
2023-12-18 13:39:44,886 [WARN] PackLoader:240 - Cannot read IP mode file for emotas.I-CUBE-CANOPEN.1.1.2
2023-12-18 13:39:44,901 [WARN] PackLoader:240 - Cannot read IP mode file for STMicroelectronics.X-CUBE-TOUCHGFX.4.20.0
2023-12-18 13:39:44,950 [WARN] PackLoader:240 - Cannot read IP mode file for STMicroelectronics.X-CUBE-MEMS1.9.5.0
2023-12-18 13:39:45,060 [INFO] WebApp:192 - Starting web application
2023-12-18 13:39:45,060 [INFO] WebApp:544 - Web application path used C:\ST\STM32CubeIDE_1.5.1\STM32CubeIDE\plugins\com.st.stm32cube.common.mx_6.10.0.202311202037\db\plugins\mcufinder\reactClient1\index.html
2023-12-18 13:39:45,106 [WARN] PackLoader:240 - Cannot read IP mode file for SEGGER.I-CUBE-embOS.1.3.1
2023-12-18 13:39:45,166 [WARN] PackLoader:240 - Cannot read IP mode file for STMicroelectronics.X-CUBE-DISPLAY.2.0.0
2023-12-18 13:39:45,181 [WARN] PackLoader:240 - Cannot read IP mode file for STMicroelectronics.X-CUBE-DISPLAY.2.0.1
2023-12-18 13:39:45,206 [WARN] PackLoader:240 - Cannot read IP mode file for STMicroelectronics.X-CUBE-TOF1.3.0.0
2023-12-18 13:39:45,233 [WARN] PackLoader:240 - Cannot read IP mode file for STMicroelectronics.X-CUBE-GNSS1.6.0.0
2023-12-18 13:39:45,270 [WARN] PackLoader:240 - Cannot read IP mode file for STMicroelectronics.X-CUBE-AZRTOS-F4.1.1.0
2023-12-18 13:39:45,290 [WARN] PackLoader:240 - Cannot read IP mode file for STMicroelectronics.X-CUBE-BLEMGR.1.2.0
2023-12-18 13:39:45,324 [WARN] PackLoader:240 - Cannot read IP mode file for STMicroelectronics.X-CUBE-AZRTOS-L5.2.0.0
2023-12-18 13:39:45,375 [WARN] PackLoader:240 - Cannot read IP mode file for STMicroelectronics.X-CUBE-MEMS1.9.6.0
2023-12-18 13:39:45,481 [WARN] PackLoader:240 - Cannot read IP mode file for STMicroelectronics.X-CUBE-EEPRMA1.4.2.0
2023-12-18 13:39:45,496 [WARN] PackLoader:240 - Cannot read IP mode file for ITTIA_DB.I-CUBE-ITTIADB.8.8.0
2023-12-18 13:39:45,515 [WARN] PackLoader:240 - Cannot read IP mode file for STMicroelectronics.X-CUBE-BLEMGR.2.0.0
2023-12-18 13:39:45,530 [WARN] PackLoader:240 - Cannot read IP mode file for STMicroelectronics.X-CUBE-NFC4.2.0.5
2023-12-18 13:39:45,545 [WARN] PackLoader:240 - Cannot read IP mode file for STMicroelectronics.X-CUBE-NFC4.2.0.4
2023-12-18 13:39:45,560 [WARN] PackLoader:240 - Cannot read IP mode file for STMicroelectronics.X-CUBE-NFC4.2.0.3
2023-12-18 13:39:45,589 [WARN] ConditionMgr:438 - getConditionDescription Invalid condition id : UX DEVICE CLASS RTOS Condition cause : null
2023-12-18 13:39:45,589 [WARN] ConditionMgr:438 - getConditionDescription Invalid condition id : UX DEVICE CLASS RTOS Condition cause : null
2023-12-18 13:39:45,592 [WARN] PackLoader:240 - Cannot read IP mode file for STMicroelectronics.X-CUBE-AZRTOS-H7.3.1.0
2023-12-18 13:39:45,593 [WARN] ConditionMgr:1039 - genDependencies : Invalid condition id : UX DEVICE CLASS RTOS Condition cause : null
2023-12-18 13:39:45,593 [WARN] ConditionMgr:1039 - genDependencies : Invalid condition id : UX DEVICE CLASS RTOS Condition cause : null
2023-12-18 13:39:45,594 [WARN] ConditionMgr:1039 - genDependencies : Invalid condition id : UX DEVICE CLASS RTOS Condition cause : null
2023-12-18 13:39:45,595 [WARN] ConditionMgr:1039 - genDependencies : Invalid condition id : UX DEVICE CLASS RTOS Condition cause : null
2023-12-18 13:39:45,595 [WARN] ConditionMgr:1039 - genDependencies : Invalid condition id : UX DEVICE CLASS RTOS Condition cause : null
2023-12-18 13:39:45,610 [WARN] PackLoader:240 - Cannot read IP mode file for STMicroelectronics.X-CUBE-NFC7.1.0.1
2023-12-18 13:39:45,628 [WARN] PackLoader:240 - Cannot read IP mode file for STMicroelectronics.X-CUBE-NFC7.1.0.0
2023-12-18 13:39:45,647 [WARN] PackLoader:240 - Cannot read IP mode file for STMicroelectronics.X-CUBE-NFC6.3.0.0
2023-12-18 13:39:45,663 [WARN] PackLoader:240 - Cannot read IP mode file for STMicroelectronics.X-CUBE-EEPRMA1.4.1.0
2023-12-18 13:39:45,694 [WARN] PackLoader:240 - Cannot read IP mode file for STMicroelectronics.X-CUBE-AZRTOS-G0.1.0.0
2023-12-18 13:39:45,727 [WARN] ConditionMgr:438 - getConditionDescription Invalid condition id : LAN8742 Phy interface Condition cause : null
2023-12-18 13:39:45,728 [WARN] PackLoader:240 - Cannot read IP mode file for STMicroelectronics.X-CUBE-AZRTOS-L4.2.0.0
2023-12-18 13:39:45,729 [WARN] ConditionMgr:1039 - genDependencies : Invalid condition id : LAN8742 Phy interface Condition cause : null
2023-12-18 13:39:45,729 [WARN] ConditionMgr:1039 - genDependencies : Invalid condition id : LAN8742 Phy interface Condition cause : null
2023-12-18 13:39:45,730 [WARN] ConditionMgr:1039 - genDependencies : Invalid condition id : LAN8742 Phy interface Condition cause : null
2023-12-18 13:39:45,745 [WARN] PackLoader:240 - Cannot read IP mode file for STMicroelectronics.X-CUBE-SFXS2LP1.4.0.0
2023-12-18 13:39:45,773 [WARN] PackLoader:240 - Cannot read IP mode file for STMicroelectronics.X-CUBE-AZRTOS-H7.3.0.0
2023-12-18 13:39:45,787 [WARN] PackLoader:240 - Cannot read IP mode file for STMicroelectronics.X-CUBE-ISPU.1.1.0
2023-12-18 13:39:45,800 [WARN] PackLoader:240 - Cannot read IP mode file for STMicroelectronics.X-CUBE-AI.8.0.0
2023-12-18 13:39:45,826 [WARN] ConditionMgr:438 - getConditionDescription Invalid condition id : UX DEVICE CLASS RTOS Condition cause : null
2023-12-18 13:39:45,826 [WARN] ConditionMgr:438 - getConditionDescription Invalid condition id : UX DEVICE CLASS RTOS Condition cause : null
2023-12-18 13:39:45,829 [WARN] PackLoader:240 - Cannot read IP mode file for STMicroelectronics.X-CUBE-AZRTOS-WB.2.0.0
2023-12-18 13:39:45,829 [WARN] ConditionMgr:1039 - genDependencies : Invalid condition id : UX DEVICE CLASS RTOS Condition cause : null
2023-12-18 13:39:45,829 [WARN] ConditionMgr:1039 - genDependencies : Invalid condition id : UX DEVICE CLASS RTOS Condition cause : null
2023-12-18 13:39:45,830 [WARN] ConditionMgr:1039 - genDependencies : Invalid condition id : UX DEVICE CLASS RTOS Condition cause : null
2023-12-18 13:39:45,830 [WARN] ConditionMgr:1039 - genDependencies : Invalid condition id : UX DEVICE CLASS RTOS Condition cause : null
2023-12-18 13:39:45,830 [WARN] ConditionMgr:1039 - genDependencies : Invalid condition id : UX DEVICE CLASS RTOS Condition cause : null
2023-12-18 13:39:45,845 [WARN] PackLoader:240 - Cannot read IP mode file for STMicroelectronics.X-CUBE-FREERTOS.1.0.0
2023-12-18 13:39:45,857 [WARN] PackLoader:240 - Cannot read IP mode file for STMicroelectronics.X-CUBE-FREERTOS.1.0.1
2023-12-18 13:39:45,871 [WARN] PackLoader:240 - Cannot read IP mode file for STMicroelectronics.X-CUBE-BLEMGR.1.0.0
2023-12-18 13:39:45,899 [WARN] PackLoader:240 - Cannot read IP mode file for STMicroelectronics.X-CUBE-AZRTOS-L5.1.1.0
2023-12-18 13:39:45,913 [WARN] PackLoader:240 - Cannot read IP mode file for STMicroelectronics.X-CUBE-AI.8.0.1
2023-12-18 13:39:45,931 [WARN] PackLoader:240 - Cannot read IP mode file for STMicroelectronics.X-CUBE-SUBG2.5.0.0
2023-12-18 13:39:45,953 [WARN] PackLoader:240 - Cannot read IP mode file for STMicroelectronics.X-CUBE-TOF1.3.3.1
2023-12-18 13:39:45,986 [WARN] PackLoader:240 - Cannot read IP mode file for STMicroelectronics.X-CUBE-AZRTOS-G4.2.0.0
2023-12-18 13:39:46,015 [WARN] PackLoader:240 - Cannot read IP mode file for STMicroelectronics.X-CUBE-TOF1.3.3.0
2023-12-18 13:39:46,039 [WARN] PackLoader:240 - Cannot read IP mode file for STMicroelectronics.FP-ATR-ASTRA1.1.1.1
2023-12-18 13:39:46,070 [WARN] PackLoader:240 - Cannot read IP mode file for Infineon.AIROC-Wi-Fi-Bluetooth-STM32.1.5.1
2023-12-18 13:39:46,089 [WARN] PackLoader:240 - Cannot read IP mode file for STMicroelectronics.FP-ATR-ASTRA1.1.1.0
2023-12-18 13:39:46,103 [WARN] PackLoader:240 - Cannot read IP mode file for STMicroelectronics.FP-SNS-MOTENVWB1.1.3.1
2023-12-18 13:39:46,133 [WARN] PackLoader:240 - Cannot read IP mode file for STMicroelectronics.X-CUBE-AZRTOS-G4.1.0.0
2023-12-18 13:39:46,150 [WARN] PackLoader:240 - Cannot read IP mode file for STMicroelectronics.X-CUBE-ISPU.2.0.0
2023-12-18 13:39:46,239 [WARN] PackLoader:240 - Cannot read IP mode file for STMicroelectronics.X-CUBE-MEMS1.10.0.0
2023-12-18 13:39:46,394 [WARN] PackLoader:240 - Cannot read IP mode file for STMicroelectronics.X-CUBE-FREERTOS.1.1.0
2023-12-18 13:39:46,430 [WARN] PackLoader:240 - Cannot read IP mode file for STMicroelectronics.X-CUBE-AZRTOS-F7.1.0.0
2023-12-18 13:39:46,460 [WARN] PackLoader:240 - Cannot read IP mode file for STMicroelectronics.X-CUBE-AZRTOS-WL.1.0.0
2023-12-18 13:39:46,517 [WARN] PackLoader:240 - Cannot read IP mode file for STMicroelectronics.X-CUBE-MEMS1.9.1.0
2023-12-18 13:39:46,607 [WARN] PackLoader:240 - Cannot read IP mode file for portGmbH.I-Cube-SoM-uGOAL.1.1.0
2023-12-18 13:39:46,630 [WARN] PackLoader:240 - Cannot read IP mode file for STMicroelectronics.X-CUBE-AZRTOS-WB.1.1.0
2023-12-18 13:39:46,657 [WARN] PackLoader:240 - Cannot read IP mode file for STMicroelectronics.X-CUBE-AZRTOS-L5.1.0.0
2023-12-18 13:39:46,672 [WARN] PackLoader:240 - Cannot read IP mode file for STMicroelectronics.X-CUBE-EEPRMA1.3.1.1
2023-12-18 13:39:46,684 [WARN] PackLoader:240 - Cannot read IP mode file for STMicroelectronics.FP-ATR-ASTRA1.2.0.0
2023-12-18 13:39:46,704 [WARN] PackLoader:240 - Cannot read IP mode file for STMicroelectronics.X-CUBE-TOF1.3.4.0
2023-12-18 13:39:46,739 [WARN] PackLoader:240 - Cannot read IP mode file for STMicroelectronics.X-CUBE-AZRTOS-H7.3.2.0
2023-12-18 13:39:46,742 [INFO] ThirdParty:978 - Integrity check success = true
2023-12-18 13:39:46,742 [INFO] IntegrityCheckThread:100 - exiting critical section [integrity check]
2023-12-18 13:39:46,742 [INFO] IntegrityCheckThread:103 - End integrity checks thread
