2023-12-04 08:11:34,404 [INFO] Gpio:273 - dependency for GPIO [SYS, USART1]
2023-12-04 08:17:42,598 [INFO] NvicIntPanel:101 - NVIC parent = com.st.microxplorer.plugins.ip.nvic.MultiNvicIntPanel[,0,0,0x0,invalid,layout=javax.swing.BoxLayout,alignmentX=0.0,alignmentY=0.0,border=,flags=9,maximumSize=,minimumSize=,preferredSize=]
2023-12-04 08:17:49,274 [INFO] NvicIntPanel:101 - NVIC parent = com.st.microxplorer.plugins.ip.nvic.MultiNvicIntPanel[,0,0,0x0,invalid,layout=javax.swing.BoxLayout,alignmentX=0.0,alignmentY=0.0,border=,flags=9,maximumSize=,minimumSize=,preferredSize=]
2023-12-04 08:20:43,829 [INFO] NvicIntPanel:101 - NVIC parent = com.st.microxplorer.plugins.ip.nvic.MultiNvicIntPanel[,0,0,0x0,invalid,layout=javax.swing.BoxLayout,alignmentX=0.0,alignmentY=0.0,border=,flags=9,maximumSize=,minimumSize=,preferredSize=]
2023-12-04 08:20:59,533 [INFO] NvicIntPanel:101 - NVIC parent = com.st.microxplorer.plugins.ip.nvic.MultiNvicIntPanel[,0,0,0x0,invalid,layout=javax.swing.BoxLayout,alignmentX=0.0,alignmentY=0.0,border=,flags=9,maximumSize=,minimumSize=,preferredSize=]
2023-12-04 08:22:32,153 [INFO] UtilMem:75 - End SaveConfig() Used Memory: 932216024 Bytes (1073741824)
2023-12-04 08:22:36,789 [INFO] UtilMem:75 - End SaveConfig() Used Memory: 894191616 Bytes (1073741824)
2023-12-04 08:22:37,314 [INFO] BlockDiagram:2759 - set Specific Code input for plugin: NVIC
2023-12-04 08:22:37,315 [INFO] BlockDiagram:2759 - set Specific Code input for plugin: SYS
2023-12-04 08:22:37,315 [INFO] BlockDiagram:2759 - set Specific Code input for plugin: GPIO
2023-12-04 08:22:37,315 [INFO] BlockDiagram:2759 - set Specific Code input for plugin: USART
2023-12-04 08:22:37,315 [INFO] BlockDiagram:2759 - set Specific Code input for plugin: RCC
2023-12-04 08:22:37,315 [INFO] BlockDiagram:2759 - set Specific Code input for plugin: TIM1_8F0
2023-12-04 08:22:37,316 [INFO] CodeGenerator:799 - code generatio: config db path: C:\ST\STM32CubeIDE_1.5.1\STM32CubeIDE\plugins\com.st.stm32cube.common.mx_6.9.2.202309101412\\db\
2023-12-04 08:22:37,538 [INFO] CodeEngine:255 - oldGeneratedFile, D:\Radio\Jobe\dimmer220\soft\dimmer\MXTmpFiles\license.tmp_save
2023-12-04 08:22:37,611 [INFO] CodeEngine:279 - Generated code: D:\Radio\Jobe\dimmer220\soft\dimmer\MXTmpFiles\license.tmp
2023-12-04 08:22:37,685 [INFO] CodeEngine:255 - oldGeneratedFile, D:\Radio\Jobe\dimmer220\soft\dimmer\MXTmpFiles\gpio.tmp_save
2023-12-04 08:22:37,766 [INFO] CodeEngine:279 - Generated code: D:\Radio\Jobe\dimmer220\soft\dimmer\MXTmpFiles\gpio.tmp
2023-12-04 08:22:38,031 [INFO] CodeEngine:255 - oldGeneratedFile, D:\Radio\Jobe\dimmer220\soft\dimmer\Core\Src\stm32f0xx_it.c_save
2023-12-04 08:22:38,192 [INFO] CodeEngine:279 - Generated code: D:\Radio\Jobe\dimmer220\soft\dimmer\Core\Src\stm32f0xx_it.c
2023-12-04 08:22:38,196 [INFO] CodeEngine:255 - oldGeneratedFile, D:\Radio\Jobe\dimmer220\soft\dimmer\Core\Inc\stm32f0xx_it.h_save
2023-12-04 08:22:38,252 [INFO] CodeEngine:279 - Generated code: D:\Radio\Jobe\dimmer220\soft\dimmer\Core\Inc\stm32f0xx_it.h
2023-12-04 08:22:38,260 [INFO] CodeEngine:255 - oldGeneratedFile, D:\Radio\Jobe\dimmer220\soft\dimmer\Core\Src\stm32f0xx_hal_msp.c_save
2023-12-04 08:22:38,367 [INFO] CodeEngine:279 - Generated code: D:\Radio\Jobe\dimmer220\soft\dimmer\Core\Src\stm32f0xx_hal_msp.c
2023-12-04 08:22:38,371 [INFO] CodeEngine:255 - oldGeneratedFile, D:\Radio\Jobe\dimmer220\soft\dimmer\MXTmpFiles\system.tmp_save
2023-12-04 08:22:38,418 [INFO] CodeEngine:279 - Generated code: D:\Radio\Jobe\dimmer220\soft\dimmer\MXTmpFiles\system.tmp
2023-12-04 08:22:38,424 [INFO] CodeEngine:311 - oldGeneratedFile, D:\Radio\Jobe\dimmer220\soft\dimmer\Core\Inc\stm32f0xx_hal_conf.h_save
2023-12-04 08:22:38,476 [INFO] CodeEngine:335 - Generated code: D:\Radio\Jobe\dimmer220\soft\dimmer\Core\Inc\stm32f0xx_hal_conf.h
2023-12-04 08:22:38,485 [WARN] IPConfigManager:3431 - IP not found : TIM
2023-12-04 08:22:38,485 [WARN] CodeGenerator:3764 - IP not found : null
2023-12-04 08:22:38,491 [INFO] CodeEngine:255 - oldGeneratedFile, D:\Radio\Jobe\dimmer220\soft\dimmer\Core\Inc\main.h_save
2023-12-04 08:22:38,557 [INFO] CodeEngine:279 - Generated code: D:\Radio\Jobe\dimmer220\soft\dimmer\Core\Inc\main.h
2023-12-04 08:22:38,560 [INFO] CodeEngine:255 - oldGeneratedFile, D:\Radio\Jobe\dimmer220\soft\dimmer\Core\Src\main.c_save
2023-12-04 08:22:38,639 [INFO] CodeEngine:279 - Generated code: D:\Radio\Jobe\dimmer220\soft\dimmer\Core\Src\main.c
2023-12-04 08:22:39,566 [INFO] ProjectBuilder:3064 - Time for Copy HAL[1] : 109mS.
2023-12-04 08:22:39,569 [INFO] ProjectBuilder:4404 - Project Generator version: 4.1.0
2023-12-04 08:22:39,829 [INFO] ConfigFileManager:1457 - The Die is : DIE444
2023-12-04 08:22:42,143 [INFO] ProjectBuilder:4626 - Time for Generating toolchain IDE Files: 2573mS.
2023-12-04 08:22:42,144 [INFO] ProjectBuilder:2935 - Time for Copy CMSIS : 0mS.
2023-12-04 08:22:42,146 [INFO] ProjectBuilder:2935 - Time for Copy CMSIS : 0mS.
2023-12-04 08:29:34,836 [INFO] UtilMem:75 - End SaveConfig() Used Memory: 911998488 Bytes (1073741824)
2023-12-04 08:29:35,526 [INFO] UtilMem:75 - End SaveConfig() Used Memory: 907400704 Bytes (1073741824)
2023-12-04 08:29:35,854 [INFO] BlockDiagram:2759 - set Specific Code input for plugin: NVIC
2023-12-04 08:29:35,855 [INFO] BlockDiagram:2759 - set Specific Code input for plugin: SYS
2023-12-04 08:29:35,855 [INFO] BlockDiagram:2759 - set Specific Code input for plugin: GPIO
2023-12-04 08:29:35,855 [INFO] BlockDiagram:2759 - set Specific Code input for plugin: USART
2023-12-04 08:29:35,855 [INFO] BlockDiagram:2759 - set Specific Code input for plugin: RCC
2023-12-04 08:29:35,855 [INFO] BlockDiagram:2759 - set Specific Code input for plugin: TIM1_8F0
2023-12-04 08:29:35,856 [INFO] CodeGenerator:799 - code generatio: config db path: C:\ST\STM32CubeIDE_1.5.1\STM32CubeIDE\plugins\com.st.stm32cube.common.mx_6.9.2.202309101412\\db\
2023-12-04 08:29:36,043 [INFO] CodeEngine:255 - oldGeneratedFile, D:\Radio\Jobe\dimmer220\soft\dimmer\MXTmpFiles\license.tmp_save
2023-12-04 08:29:36,151 [INFO] CodeEngine:279 - Generated code: D:\Radio\Jobe\dimmer220\soft\dimmer\MXTmpFiles\license.tmp
2023-12-04 08:29:36,219 [INFO] CodeEngine:255 - oldGeneratedFile, D:\Radio\Jobe\dimmer220\soft\dimmer\Core\Src\gpio.c_save
2023-12-04 08:29:36,306 [INFO] CodeEngine:279 - Generated code: D:\Radio\Jobe\dimmer220\soft\dimmer\Core\Src\gpio.c
2023-12-04 08:29:36,310 [INFO] CodeEngine:255 - oldGeneratedFile, D:\Radio\Jobe\dimmer220\soft\dimmer\Core\Inc\gpio.h_save
2023-12-04 08:29:36,378 [INFO] CodeEngine:279 - Generated code: D:\Radio\Jobe\dimmer220\soft\dimmer\Core\Inc\gpio.h
2023-12-04 08:29:36,521 [INFO] CodeEngine:255 - oldGeneratedFile, D:\Radio\Jobe\dimmer220\soft\dimmer\Core\Src\tim.c_save
2023-12-04 08:29:36,649 [INFO] CodeEngine:279 - Generated code: D:\Radio\Jobe\dimmer220\soft\dimmer\Core\Src\tim.c
2023-12-04 08:29:36,652 [INFO] CodeEngine:255 - oldGeneratedFile, D:\Radio\Jobe\dimmer220\soft\dimmer\Core\Inc\tim.h_save
2023-12-04 08:29:36,705 [INFO] CodeEngine:279 - Generated code: D:\Radio\Jobe\dimmer220\soft\dimmer\Core\Inc\tim.h
2023-12-04 08:29:36,711 [INFO] CodeEngine:255 - oldGeneratedFile, D:\Radio\Jobe\dimmer220\soft\dimmer\Core\Src\usart.c_save
2023-12-04 08:29:36,780 [INFO] CodeEngine:279 - Generated code: D:\Radio\Jobe\dimmer220\soft\dimmer\Core\Src\usart.c
2023-12-04 08:29:36,782 [INFO] CodeEngine:255 - oldGeneratedFile, D:\Radio\Jobe\dimmer220\soft\dimmer\Core\Inc\usart.h_save
2023-12-04 08:29:36,829 [INFO] CodeEngine:279 - Generated code: D:\Radio\Jobe\dimmer220\soft\dimmer\Core\Inc\usart.h
2023-12-04 08:29:36,835 [INFO] CodeEngine:255 - oldGeneratedFile, D:\Radio\Jobe\dimmer220\soft\dimmer\Core\Src\stm32f0xx_it.c_save
2023-12-04 08:29:36,948 [INFO] CodeEngine:279 - Generated code: D:\Radio\Jobe\dimmer220\soft\dimmer\Core\Src\stm32f0xx_it.c
2023-12-04 08:29:36,951 [INFO] CodeEngine:255 - oldGeneratedFile, D:\Radio\Jobe\dimmer220\soft\dimmer\Core\Inc\stm32f0xx_it.h_save
2023-12-04 08:29:36,995 [INFO] CodeEngine:279 - Generated code: D:\Radio\Jobe\dimmer220\soft\dimmer\Core\Inc\stm32f0xx_it.h
2023-12-04 08:29:37,001 [INFO] CodeEngine:255 - oldGeneratedFile, D:\Radio\Jobe\dimmer220\soft\dimmer\Core\Src\stm32f0xx_hal_msp.c_save
2023-12-04 08:29:37,083 [INFO] CodeEngine:279 - Generated code: D:\Radio\Jobe\dimmer220\soft\dimmer\Core\Src\stm32f0xx_hal_msp.c
2023-12-04 08:29:37,086 [INFO] CodeEngine:255 - oldGeneratedFile, D:\Radio\Jobe\dimmer220\soft\dimmer\MXTmpFiles\system.tmp_save
2023-12-04 08:29:37,134 [INFO] CodeEngine:279 - Generated code: D:\Radio\Jobe\dimmer220\soft\dimmer\MXTmpFiles\system.tmp
2023-12-04 08:29:37,140 [INFO] CodeEngine:311 - oldGeneratedFile, D:\Radio\Jobe\dimmer220\soft\dimmer\Core\Inc\stm32f0xx_hal_conf.h_save
2023-12-04 08:29:37,191 [INFO] CodeEngine:335 - Generated code: D:\Radio\Jobe\dimmer220\soft\dimmer\Core\Inc\stm32f0xx_hal_conf.h
2023-12-04 08:29:37,203 [INFO] CodeEngine:255 - oldGeneratedFile, D:\Radio\Jobe\dimmer220\soft\dimmer\Core\Inc\main.h_save
2023-12-04 08:29:37,273 [INFO] CodeEngine:279 - Generated code: D:\Radio\Jobe\dimmer220\soft\dimmer\Core\Inc\main.h
2023-12-04 08:29:37,276 [INFO] CodeEngine:255 - oldGeneratedFile, D:\Radio\Jobe\dimmer220\soft\dimmer\Core\Src\main.c_save
2023-12-04 08:29:37,345 [INFO] CodeEngine:279 - Generated code: D:\Radio\Jobe\dimmer220\soft\dimmer\Core\Src\main.c
2023-12-04 08:29:38,258 [INFO] ProjectBuilder:3064 - Time for Copy HAL[1] : 99mS.
2023-12-04 08:29:38,261 [INFO] ProjectBuilder:4404 - Project Generator version: 4.1.0
2023-12-04 08:29:38,500 [INFO] ConfigFileManager:1457 - The Die is : DIE444
2023-12-04 08:29:40,179 [INFO] ProjectBuilder:4626 - Time for Generating toolchain IDE Files: 1918mS.
2023-12-04 08:29:40,180 [INFO] ProjectBuilder:2935 - Time for Copy CMSIS : 0mS.
2023-12-04 08:29:40,182 [INFO] ProjectBuilder:2935 - Time for Copy CMSIS : 0mS.
